<?xml version="1.0" encoding="UTF-8"?>
<!-- Generated by org.testng.reporters.JUnitReportReporter -->
<testsuite hostname="Poppy" failures="0" tests="3" name="simple_annotations.Demo_annotations" time="0.008" errors="0" timestamp="2021-05-18T23:57:52 IST" skipped="0">
  <testcase classname="simple_annotations.Demo_annotations" name="bat" time="0.006"/>
  <system-out/>
  <testcase classname="simple_annotations.Demo_annotations" name="earphone" time="0.001"/>
  <system-out/>
  <testcase classname="simple_annotations.Demo_annotations" name="shoes" time="0.001"/>
  <system-out/>
</testsuite> <!-- simple_annotations.Demo_annotations -->
