<?xml version="1.0" encoding="UTF-8"?>
<!-- Generated by org.testng.reporters.JUnitReportReporter -->
<testsuite hostname="Poppy" failures="0" tests="3" name="com.maven.TestNg.Simple_Annotations" time="0.005" errors="0" timestamp="2021-05-09T00:36:44 IST" skipped="0">
  <testcase classname="com.maven.TestNg.Simple_Annotations" name="laptop" time="0.001"/>
  <system-out/>
  <testcase classname="com.maven.TestNg.Simple_Annotations" name="earphones" time="0.003"/>
  <system-out/>
  <testcase classname="com.maven.TestNg.Simple_Annotations" name="mobile" time="0.001"/>
  <system-out/>
</testsuite> <!-- com.maven.TestNg.Simple_Annotations -->
